{
  "RSpec": {
    "coverage": {
      "/SlingHealth-dev/slinghealth/app/controllers/admin_controller.rb": {
        "lines": [
          1,
          1,
          1,
          1,
          null,
          null,
          1,
          9,
          null,
          null,
          9,
          2,
          null,
          null,
          2,
          2,
          0,
          0,
          null,
          null,
          null,
          null,
          2,
          null,
          null,
          null,
          null,
          null,
          null,
          null,
          9,
          null,
          null,
          9,
          null,
          null,
          9,
          null,
          null,
          9,
          null,
          null,
          null,
          1,
          36,
          null,
          7,
          null,
          null,
          1,
          11,
          null,
          null,
          1,
          3,
          3,
          null,
          null,
          1,
          3,
          3,
          3,
          3,
          3,
          null,
          null,
          1,
          2,
          null,
          null,
          1,
          5,
          null,
          5,
          5,
          null,
          5,
          4,
          4,
          4,
          4,
          4,
          4,
          1,
          1,
          1,
          1,
          null,
          null,
          10,
          5,
          null,
          0,
          0,
          null,
          null,
          null,
          null,
          1,
          3,
          3,
          null,
          3,
          3,
          null,
          3,
          null,
          null,
          null,
          3,
          0,
          3,
          0,
          null,
          null,
          null,
          6,
          3,
          null,
          0,
          0,
          null,
          null,
          null,
          null,
          1,
          null,
          3,
          0,
          0,
          0,
          null,
          0,
          null,
          null,
          null,
          3,
          3,
          3,
          3,
          3,
          3,
          3,
          null,
          null,
          3,
          3,
          3,
          3,
          6,
          3,
          null,
          null,
          null,
          null,
          null,
          1,
          0,
          null,
          null,
          null,
          1,
          1,
          1,
          null,
          null,
          1,
          4,
          4,
          2,
          null,
          2,
          2,
          null,
          null,
          null,
          1,
          1,
          null,
          null,
          1,
          2,
          2,
          2,
          null,
          0,
          0,
          null,
          null,
          null,
          1,
          2,
          null,
          2,
          null,
          null,
          null,
          2,
          null,
          2,
          2,
          null,
          0,
          null,
          null,
          null,
          null,
          1,
          null,
          1,
          17,
          17,
          17,
          null,
          null,
          1,
          8,
          null,
          null,
          null,
          null,
          null,
          null,
          1,
          12,
          null,
          null,
          1,
          1,
          null,
          null,
          1,
          6,
          null,
          null,
          null
        ]
      }
    },
    "timestamp": 1744071055
  }
}
